2021-03-26 14:39:40:700  [TID       8000][INFO    ] Default Logger initialized [dmvcframework]
2021-03-26 14:39:40:799  [TID       8000][INFO    ] Server started on port 8082 [dmvcframework]
2021-03-26 14:40:02:087  [TID      10968][INFO    ] ENTER: Config default values [dmvcframework]
2021-03-26 14:40:02:088  [TID      10968][INFO    ] EXIT: Config default values [dmvcframework]
2021-03-26 14:40:02:089  [TID      10968][INFO    ] >> Custom configuration method [dmvcframework]
2021-03-26 14:40:02:089  [TID      10968][INFO    ] << Custom configuration method [dmvcframework]
2021-03-26 14:40:02:089  [TID      10968][INFO    ] ENTER: LoadSystemControllers [dmvcframework]
2021-03-26 14:40:02:090  [TID      10968][INFO    ] EXIT: LoadSystemControllers [dmvcframework]
2021-03-26 14:40:04:229  [TID      10968][INFO    ] GET:/ [0:0:0:0:0:0:0:1] -> {NOT FOUND} - 404 Not Found [dmvcframework]
2021-03-26 14:40:05:434  [TID      10968][ERROR   ] [EMVCException] Not Found (Custom message: "GET /") [dmvcframework]
2021-03-26 14:40:05:989  [TID      11092][INFO    ] GET:/favicon.ico [0:0:0:0:0:0:0:1] -> {NOT FOUND} - 404 Not Found [dmvcframework]
2021-03-26 14:40:08:090  [TID      11092][ERROR   ] [EMVCException] Not Found (Custom message: "GET /favicon.ico") [dmvcframework]
2021-03-26 14:40:15:513  [TID      10660][INFO    ] GET:/api [0:0:0:0:0:0:0:1] -> UController.TMyController.Index - 200 OK [dmvcframework]
2021-03-26 14:40:21:856  [TID      10660][INFO    ] GET:/api/cliente [0:0:0:0:0:0:0:1] -> {NOT FOUND} - 404 Not Found [dmvcframework]
2021-03-26 14:40:23:394  [TID      10660][ERROR   ] [EMVCException] Not Found (Custom message: "GET /api/cliente") [dmvcframework]
2021-03-26 14:40:47:711  [TID       4940][ERROR   ] [EAccessViolation] Access violation at address 00A490AC in module 'MVCClienteContato.exe'. Read of address 00000068 (Custom message: "Global Action Exception Handler") [dmvcframework]
2021-03-26 14:41:08:040  [TID       4940][ERROR   ] [EAccessViolation] Access violation at address 00A490AC in module 'MVCClienteContato.exe'. Read of address 00000068 (Custom message: "Global Action Exception Handler") [dmvcframework]
2021-03-26 14:41:28:679  [TID       4940][ERROR   ] [EAccessViolation] Access violation at address 00A490AC in module 'MVCClienteContato.exe'. Read of address 00000068 (Custom message: "Global Action Exception Handler") [dmvcframework]
2021-03-26 14:41:44:101  [TID       4940][ERROR   ] [EAccessViolation] Access violation at address 00A490AC in module 'MVCClienteContato.exe'. Read of address 00000068 (Custom message: "Global Action Exception Handler") [dmvcframework]
2021-03-26 14:41:55:854  [TID       4940][ERROR   ] [EAccessViolation] Access violation at address 00A490AC in module 'MVCClienteContato.exe'. Read of address 00000068 (Custom message: "Global Action Exception Handler") [dmvcframework]
2021-03-26 14:42:16:088  [TID       4940][ERROR   ] [EAccessViolation] Access violation at address 00A490AC in module 'MVCClienteContato.exe'. Read of address 00000068 (Custom message: "Global Action Exception Handler") [dmvcframework]
2021-03-26 14:42:28:940  [TID       4940][ERROR   ] [EAccessViolation] Access violation at address 00A490AC in module 'MVCClienteContato.exe'. Read of address 00000068 (Custom message: "Global Action Exception Handler") [dmvcframework]
2021-03-26 14:43:34:936  [TID       4940][ERROR   ] [EAccessViolation] Access violation at address 00A490AC in module 'MVCClienteContato.exe'. Read of address 00000068 (Custom message: "Global Action Exception Handler") [dmvcframework]
2021-03-26 14:44:29:936  [TID       2920][INFO    ] Default Logger initialized [dmvcframework]
2021-03-26 14:44:29:966  [TID       2920][INFO    ] Server started on port 8082 [dmvcframework]
2021-03-26 14:44:31:430  [TID       5760][INFO    ] ENTER: Config default values [dmvcframework]
2021-03-26 14:44:31:430  [TID       5760][INFO    ] EXIT: Config default values [dmvcframework]
2021-03-26 14:44:31:430  [TID       5760][INFO    ] >> Custom configuration method [dmvcframework]
2021-03-26 14:44:31:430  [TID       5760][INFO    ] << Custom configuration method [dmvcframework]
2021-03-26 14:44:31:430  [TID       5760][INFO    ] ENTER: LoadSystemControllers [dmvcframework]
2021-03-26 14:44:31:430  [TID       5760][INFO    ] EXIT: LoadSystemControllers [dmvcframework]
2021-03-26 14:45:17:911  [TID       2312][INFO    ] Default Logger initialized [dmvcframework]
2021-03-26 14:45:17:935  [TID       2312][INFO    ] Server started on port 8082 [dmvcframework]
2021-03-26 14:45:22:747  [TID       3740][INFO    ] ENTER: Config default values [dmvcframework]
2021-03-26 14:45:22:747  [TID       3740][INFO    ] EXIT: Config default values [dmvcframework]
2021-03-26 14:45:22:747  [TID       3740][INFO    ] >> Custom configuration method [dmvcframework]
2021-03-26 14:45:22:747  [TID       3740][INFO    ] << Custom configuration method [dmvcframework]
2021-03-26 14:45:22:748  [TID       3740][INFO    ] ENTER: LoadSystemControllers [dmvcframework]
2021-03-26 14:45:22:748  [TID       3740][INFO    ] EXIT: LoadSystemControllers [dmvcframework]
2021-03-26 14:45:50:075  [TID       2688][INFO    ] Default Logger initialized [dmvcframework]
2021-03-26 14:45:50:090  [TID       2688][INFO    ] Server started on port 8082 [dmvcframework]
2021-03-26 14:45:54:270  [TID       3624][INFO    ] ENTER: Config default values [dmvcframework]
2021-03-26 14:45:54:270  [TID       3624][INFO    ] EXIT: Config default values [dmvcframework]
2021-03-26 14:45:54:270  [TID       3624][INFO    ] >> Custom configuration method [dmvcframework]
2021-03-26 14:45:54:271  [TID       3624][INFO    ] << Custom configuration method [dmvcframework]
2021-03-26 14:45:54:271  [TID       3624][INFO    ] ENTER: LoadSystemControllers [dmvcframework]
2021-03-26 14:45:54:271  [TID       3624][INFO    ] EXIT: LoadSystemControllers [dmvcframework]
2021-03-26 14:46:19:543  [TID       6792][INFO    ] Default Logger initialized [dmvcframework]
2021-03-26 14:46:19:559  [TID       6792][INFO    ] Server started on port 8082 [dmvcframework]
2021-03-26 14:46:22:987  [TID       6324][INFO    ] ENTER: Config default values [dmvcframework]
2021-03-26 14:46:22:988  [TID       6324][INFO    ] EXIT: Config default values [dmvcframework]
2021-03-26 14:46:22:988  [TID       6324][INFO    ] >> Custom configuration method [dmvcframework]
2021-03-26 14:46:22:988  [TID       6324][INFO    ] << Custom configuration method [dmvcframework]
2021-03-26 14:46:22:991  [TID       6324][INFO    ] ENTER: LoadSystemControllers [dmvcframework]
2021-03-26 14:46:22:991  [TID       6324][INFO    ] EXIT: LoadSystemControllers [dmvcframework]
2021-03-26 14:53:16:054  [TID       9740][INFO    ] Default Logger initialized [dmvcframework]
2021-03-26 14:53:16:060  [TID       9740][INFO    ] Server started on port 8082 [dmvcframework]
2021-03-26 14:53:23:902  [TID       6572][INFO    ] ENTER: Config default values [dmvcframework]
2021-03-26 14:53:23:902  [TID       6572][INFO    ] EXIT: Config default values [dmvcframework]
2021-03-26 14:53:23:902  [TID       6572][INFO    ] >> Custom configuration method [dmvcframework]
2021-03-26 14:53:23:903  [TID       6572][INFO    ] << Custom configuration method [dmvcframework]
2021-03-26 14:53:23:903  [TID       6572][INFO    ] ENTER: LoadSystemControllers [dmvcframework]
2021-03-26 14:53:23:903  [TID       6572][INFO    ] EXIT: LoadSystemControllers [dmvcframework]
2021-03-26 14:55:54:882  [TID       2476][INFO    ] Default Logger initialized [dmvcframework]
2021-03-26 14:55:54:888  [TID       2476][INFO    ] Server started on port 8082 [dmvcframework]
2021-03-26 14:55:58:848  [TID       4592][INFO    ] ENTER: Config default values [dmvcframework]
2021-03-26 14:55:58:851  [TID       4592][INFO    ] EXIT: Config default values [dmvcframework]
2021-03-26 14:55:58:853  [TID       4592][INFO    ] >> Custom configuration method [dmvcframework]
2021-03-26 14:55:58:855  [TID       4592][INFO    ] << Custom configuration method [dmvcframework]
2021-03-26 14:55:58:855  [TID       4592][INFO    ] ENTER: LoadSystemControllers [dmvcframework]
2021-03-26 14:55:58:855  [TID       4592][INFO    ] EXIT: LoadSystemControllers [dmvcframework]
2021-03-26 14:59:44:740  [TID       1160][INFO    ] Default Logger initialized [dmvcframework]
2021-03-26 14:59:44:795  [TID       1160][INFO    ] Server started on port 8082 [dmvcframework]
2021-03-26 14:59:48:902  [TID       1704][INFO    ] ENTER: Config default values [dmvcframework]
2021-03-26 14:59:48:902  [TID       1704][INFO    ] EXIT: Config default values [dmvcframework]
2021-03-26 14:59:48:902  [TID       1704][INFO    ] >> Custom configuration method [dmvcframework]
2021-03-26 14:59:48:903  [TID       1704][INFO    ] << Custom configuration method [dmvcframework]
2021-03-26 14:59:48:903  [TID       1704][INFO    ] ENTER: LoadSystemControllers [dmvcframework]
2021-03-26 14:59:48:903  [TID       1704][INFO    ] EXIT: LoadSystemControllers [dmvcframework]
2021-03-26 14:59:51:764  [TID       1704][ERROR   ] [EFDException] [FireDAC][Comp][Clnt]-512. Connection is not defined for [qryCliente]. Possible reason: Connection and ConnectionName property values are both empty (Custom message: "Global Action Exception Handler") [dmvcframework]
2021-03-26 15:00:22:607  [TID      11008][INFO    ] Default Logger initialized [dmvcframework]
2021-03-26 15:00:22:654  [TID      11008][INFO    ] Server started on port 8082 [dmvcframework]
2021-03-26 15:00:26:257  [TID       2220][INFO    ] ENTER: Config default values [dmvcframework]
2021-03-26 15:00:26:257  [TID       2220][INFO    ] EXIT: Config default values [dmvcframework]
2021-03-26 15:00:26:257  [TID       2220][INFO    ] >> Custom configuration method [dmvcframework]
2021-03-26 15:00:26:258  [TID       2220][INFO    ] << Custom configuration method [dmvcframework]
2021-03-26 15:00:26:258  [TID       2220][INFO    ] ENTER: LoadSystemControllers [dmvcframework]
2021-03-26 15:00:26:258  [TID       2220][INFO    ] EXIT: LoadSystemControllers [dmvcframework]
2021-03-26 15:00:50:151  [TID       2220][ERROR   ] [EFDException] [FireDAC][Comp][Clnt]-512. Connection is not defined for [qryCliente]. Possible reason: Connection and ConnectionName property values are both empty (Custom message: "Global Action Exception Handler") [dmvcframework]
2021-03-26 15:03:19:173  [TID       7804][INFO    ] Default Logger initialized [dmvcframework]
2021-03-26 15:03:19:185  [TID       7804][INFO    ] Server started on port 8082 [dmvcframework]
2021-03-26 15:03:23:857  [TID       9840][INFO    ] ENTER: Config default values [dmvcframework]
2021-03-26 15:03:23:857  [TID       9840][INFO    ] EXIT: Config default values [dmvcframework]
2021-03-26 15:03:23:857  [TID       9840][INFO    ] >> Custom configuration method [dmvcframework]
2021-03-26 15:03:23:857  [TID       9840][INFO    ] << Custom configuration method [dmvcframework]
2021-03-26 15:03:23:857  [TID       9840][INFO    ] ENTER: LoadSystemControllers [dmvcframework]
2021-03-26 15:03:23:858  [TID       9840][INFO    ] EXIT: LoadSystemControllers [dmvcframework]
2021-03-26 15:03:40:249  [TID       9840][ERROR   ] [EFDException] [FireDAC][Comp][Clnt]-512. Connection is not defined for [qryCliente]. Possible reason: Connection and ConnectionName property values are both empty (Custom message: "Global Action Exception Handler") [dmvcframework]
2021-03-26 15:05:03:587  [TID       9840][ERROR   ] [EFDException] [FireDAC][Comp][Clnt]-512. Connection is not defined for [qryCliente]. Possible reason: Connection and ConnectionName property values are both empty (Custom message: "Global Action Exception Handler") [dmvcframework]
2021-03-26 15:06:05:653  [TID       2264][ERROR   ] [EFDException] [FireDAC][Comp][Clnt]-512. Connection is not defined for [qryCliente]. Possible reason: Connection and ConnectionName property values are both empty (Custom message: "Global Action Exception Handler") [dmvcframework]
2021-03-26 15:07:27:666  [TID       4316][INFO    ] Default Logger initialized [dmvcframework]
2021-03-26 15:07:27:685  [TID       4316][INFO    ] Server started on port 8082 [dmvcframework]
2021-03-26 15:07:32:729  [TID       3424][INFO    ] ENTER: Config default values [dmvcframework]
2021-03-26 15:07:32:729  [TID       3424][INFO    ] EXIT: Config default values [dmvcframework]
2021-03-26 15:07:32:729  [TID       3424][INFO    ] >> Custom configuration method [dmvcframework]
2021-03-26 15:07:32:729  [TID       3424][INFO    ] << Custom configuration method [dmvcframework]
2021-03-26 15:07:32:729  [TID       3424][INFO    ] ENTER: LoadSystemControllers [dmvcframework]
2021-03-26 15:07:32:729  [TID       3424][INFO    ] EXIT: LoadSystemControllers [dmvcframework]
2021-03-26 15:07:50:691  [TID       3424][ERROR   ] [EFDException] [FireDAC][Comp][Clnt]-512. Connection is not defined for [qryCliente]. Possible reason: Connection and ConnectionName property values are both empty (Custom message: "Global Action Exception Handler") [dmvcframework]
2021-03-26 15:08:11:052  [TID       9380][INFO    ] Default Logger initialized [dmvcframework]
2021-03-26 15:08:11:080  [TID       9380][INFO    ] Server started on port 8082 [dmvcframework]
2021-03-26 15:08:16:519  [TID      11172][INFO    ] ENTER: Config default values [dmvcframework]
2021-03-26 15:08:16:519  [TID      11172][INFO    ] EXIT: Config default values [dmvcframework]
2021-03-26 15:08:16:519  [TID      11172][INFO    ] >> Custom configuration method [dmvcframework]
2021-03-26 15:08:16:519  [TID      11172][INFO    ] << Custom configuration method [dmvcframework]
2021-03-26 15:08:16:521  [TID      11172][INFO    ] ENTER: LoadSystemControllers [dmvcframework]
2021-03-26 15:08:16:521  [TID      11172][INFO    ] EXIT: LoadSystemControllers [dmvcframework]
2021-03-26 15:08:22:566  [TID      11172][ERROR   ] [EIBNativeException] [FireDAC][Phys][FB]Dynamic SQL Error
SQL error code = -104
Token unknown - line 1, char 47
% (Custom message: "Global Action Exception Handler") [dmvcframework]
2021-03-26 15:18:42:372  [TID       9532][INFO    ] Default Logger initialized [dmvcframework]
2021-03-26 15:18:42:373  [TID       9532][INFO    ] Server started on port 8082 [dmvcframework]
2021-03-26 15:18:55:496  [TID       8212][INFO    ] ENTER: Config default values [dmvcframework]
2021-03-26 15:18:55:498  [TID       8212][INFO    ] EXIT: Config default values [dmvcframework]
2021-03-26 15:18:55:498  [TID       8212][INFO    ] >> Custom configuration method [dmvcframework]
2021-03-26 15:18:55:498  [TID       8212][INFO    ] << Custom configuration method [dmvcframework]
2021-03-26 15:18:55:499  [TID       8212][INFO    ] ENTER: LoadSystemControllers [dmvcframework]
2021-03-26 15:18:55:500  [TID       8212][INFO    ] EXIT: LoadSystemControllers [dmvcframework]
2021-03-26 15:19:28:645  [TID       8212][ERROR   ] [EAccessViolation] Access violation at address 00433141 in module 'MVCClienteContato.exe'. Read of address 00000008 (Custom message: "Global Action Exception Handler") [dmvcframework]
2021-03-26 15:20:15:138  [TID       9696][INFO    ] Default Logger initialized [dmvcframework]
2021-03-26 15:20:15:167  [TID       9696][INFO    ] Server started on port 8082 [dmvcframework]
2021-03-26 15:20:21:885  [TID       5048][INFO    ] ENTER: Config default values [dmvcframework]
2021-03-26 15:20:21:887  [TID       5048][INFO    ] EXIT: Config default values [dmvcframework]
2021-03-26 15:20:21:887  [TID       5048][INFO    ] >> Custom configuration method [dmvcframework]
2021-03-26 15:20:21:887  [TID       5048][INFO    ] << Custom configuration method [dmvcframework]
2021-03-26 15:20:21:888  [TID       5048][INFO    ] ENTER: LoadSystemControllers [dmvcframework]
2021-03-26 15:20:21:888  [TID       5048][INFO    ] EXIT: LoadSystemControllers [dmvcframework]
2021-03-26 15:20:23:904  [TID       5048][INFO    ] GET:/api/cliente/calors [0:0:0:0:0:0:0:1] -> UController.TMyController.GetCustomer - 200 OK [dmvcframework]
2021-03-26 15:24:32:576  [TID       3052][INFO    ] Default Logger initialized [dmvcframework]
2021-03-26 15:24:32:604  [TID       3052][INFO    ] Server started on port 8082 [dmvcframework]
2021-03-26 15:24:32:711  [TID       3308][INFO    ] ENTER: Config default values [dmvcframework]
2021-03-26 15:24:32:711  [TID       3308][INFO    ] EXIT: Config default values [dmvcframework]
2021-03-26 15:24:32:742  [TID       3308][INFO    ] >> Custom configuration method [dmvcframework]
2021-03-26 15:24:32:743  [TID       3308][INFO    ] << Custom configuration method [dmvcframework]
2021-03-26 15:24:32:752  [TID       3308][INFO    ] ENTER: LoadSystemControllers [dmvcframework]
2021-03-26 15:24:32:752  [TID       3308][INFO    ] EXIT: LoadSystemControllers [dmvcframework]
2021-03-26 15:24:38:768  [TID       3308][ERROR   ] [EIBNativeException] [FireDAC][Phys][FB]Dynamic SQL Error
SQL error code = -804
Function unknown
LOWERCASE (Custom message: "Global Action Exception Handler") [dmvcframework]
2021-03-26 15:25:04:983  [TID      10452][INFO    ] Default Logger initialized [dmvcframework]
2021-03-26 15:25:05:004  [TID      10452][INFO    ] Server started on port 8082 [dmvcframework]
2021-03-26 15:23:01:194  [TID       8940][INFO    ] ENTER: Config default values [dmvcframework]
2021-03-26 15:23:01:195  [TID       8940][INFO    ] EXIT: Config default values [dmvcframework]
2021-03-26 15:23:01:196  [TID       8940][INFO    ] >> Custom configuration method [dmvcframework]
2021-03-26 15:23:01:196  [TID       8940][INFO    ] << Custom configuration method [dmvcframework]
2021-03-26 15:23:01:196  [TID       8940][INFO    ] ENTER: LoadSystemControllers [dmvcframework]
2021-03-26 15:23:01:196  [TID       8940][INFO    ] EXIT: LoadSystemControllers [dmvcframework]
2021-03-26 15:23:05:930  [TID       8940][INFO    ] GET:/api/cliente/calors [0:0:0:0:0:0:0:1] -> UController.TMyController.GetCustomer - 200 OK [dmvcframework]
2021-03-26 15:40:30:391  [TID       3200][INFO    ] Default Logger initialized [dmvcframework]
2021-03-26 15:40:30:409  [TID       3200][INFO    ] Server started on port 8082 [dmvcframework]
2021-03-26 15:40:37:560  [TID      10752][INFO    ] ENTER: Config default values [dmvcframework]
2021-03-26 15:40:37:563  [TID      10752][INFO    ] EXIT: Config default values [dmvcframework]
2021-03-26 15:40:37:564  [TID      10752][INFO    ] >> Custom configuration method [dmvcframework]
2021-03-26 15:40:37:565  [TID      10752][INFO    ] << Custom configuration method [dmvcframework]
2021-03-26 15:40:37:565  [TID      10752][INFO    ] ENTER: LoadSystemControllers [dmvcframework]
2021-03-26 15:40:37:565  [TID      10752][INFO    ] EXIT: LoadSystemControllers [dmvcframework]
2021-03-26 15:40:37:736  [TID      10752][INFO    ] GET:/api/cliente/calors [0:0:0:0:0:0:0:1] -> UController.TMyController.GetCustomer - 200 OK [dmvcframework]
2021-03-26 15:50:05:371  [TID       9744][INFO    ] Default Logger initialized [dmvcframework]
2021-03-26 15:50:05:392  [TID       9744][INFO    ] Server started on port 8082 [dmvcframework]
2021-03-26 15:50:11:550  [TID      10336][INFO    ] ENTER: Config default values [dmvcframework]
2021-03-26 15:50:11:553  [TID      10336][INFO    ] EXIT: Config default values [dmvcframework]
2021-03-26 15:50:11:553  [TID      10336][INFO    ] >> Custom configuration method [dmvcframework]
2021-03-26 15:50:11:553  [TID      10336][INFO    ] << Custom configuration method [dmvcframework]
2021-03-26 15:50:11:553  [TID      10336][INFO    ] ENTER: LoadSystemControllers [dmvcframework]
2021-03-26 15:50:11:553  [TID      10336][INFO    ] EXIT: LoadSystemControllers [dmvcframework]
2021-03-26 15:50:11:725  [TID      10336][INFO    ] GET:/api/cliente/calors [0:0:0:0:0:0:0:1] -> UController.TMyController.GetCustomer - 200 OK [dmvcframework]
2021-03-26 15:51:13:917  [TID       8644][INFO    ] Default Logger initialized [dmvcframework]
2021-03-26 15:51:13:946  [TID       8644][INFO    ] Server started on port 8082 [dmvcframework]
2021-03-26 15:51:24:612  [TID        132][INFO    ] ENTER: Config default values [dmvcframework]
2021-03-26 15:51:24:612  [TID        132][INFO    ] EXIT: Config default values [dmvcframework]
2021-03-26 15:51:24:612  [TID        132][INFO    ] >> Custom configuration method [dmvcframework]
2021-03-26 15:51:24:612  [TID        132][INFO    ] << Custom configuration method [dmvcframework]
2021-03-26 15:51:24:612  [TID        132][INFO    ] ENTER: LoadSystemControllers [dmvcframework]
2021-03-26 15:51:24:612  [TID        132][INFO    ] EXIT: LoadSystemControllers [dmvcframework]
2021-03-26 15:51:24:846  [TID        132][INFO    ] GET:/api/cliente/calors [0:0:0:0:0:0:0:1] -> UController.TMyController.GetCustomer - 200 OK [dmvcframework]
2021-03-26 15:56:09:201  [TID       8896][INFO    ] Default Logger initialized [dmvcframework]
2021-03-26 15:56:09:214  [TID       8896][INFO    ] Server started on port 8082 [dmvcframework]
2021-03-26 15:56:22:727  [TID       9696][INFO    ] ENTER: Config default values [dmvcframework]
2021-03-26 15:56:22:727  [TID       9696][INFO    ] EXIT: Config default values [dmvcframework]
2021-03-26 15:56:22:727  [TID       9696][INFO    ] >> Custom configuration method [dmvcframework]
2021-03-26 15:56:22:727  [TID       9696][INFO    ] << Custom configuration method [dmvcframework]
2021-03-26 15:56:22:728  [TID       9696][INFO    ] ENTER: LoadSystemControllers [dmvcframework]
2021-03-26 15:56:22:728  [TID       9696][INFO    ] EXIT: LoadSystemControllers [dmvcframework]
2021-03-26 15:56:25:154  [TID       9696][ERROR   ] [EAccessViolation] Access violation at address 00433141 in module 'MVCClienteContato.exe'. Read of address 00000008 (Custom message: "Global Action Exception Handler") [dmvcframework]
2021-03-26 15:57:09:771  [TID       1192][INFO    ] Default Logger initialized [dmvcframework]
2021-03-26 15:57:09:795  [TID       1192][INFO    ] Server started on port 8082 [dmvcframework]
2021-03-26 15:57:14:589  [TID       9328][INFO    ] ENTER: Config default values [dmvcframework]
2021-03-26 15:57:14:589  [TID       9328][INFO    ] EXIT: Config default values [dmvcframework]
2021-03-26 15:57:14:589  [TID       9328][INFO    ] >> Custom configuration method [dmvcframework]
2021-03-26 15:57:14:589  [TID       9328][INFO    ] << Custom configuration method [dmvcframework]
2021-03-26 15:57:14:589  [TID       9328][INFO    ] ENTER: LoadSystemControllers [dmvcframework]
2021-03-26 15:57:14:591  [TID       9328][INFO    ] EXIT: LoadSystemControllers [dmvcframework]
2021-03-26 15:57:14:770  [TID       9328][INFO    ] GET:/api/cliente/jorge [0:0:0:0:0:0:0:1] -> UController.TMyController.GetCustomer - 200 OK [dmvcframework]
2021-03-26 16:02:43:940  [TID       8352][INFO    ] GET:/api/cliente/ca [0:0:0:0:0:0:0:1] -> UController.TMyController.GetCustomer - 200 OK [dmvcframework]
2021-03-26 16:06:06:354  [TID       8644][INFO    ] Default Logger initialized [dmvcframework]
2021-03-26 16:06:06:428  [TID       8644][INFO    ] Server started on port 8082 [dmvcframework]
2021-03-26 16:06:12:169  [TID       6360][INFO    ] ENTER: Config default values [dmvcframework]
2021-03-26 16:06:12:169  [TID       6360][INFO    ] EXIT: Config default values [dmvcframework]
2021-03-26 16:06:12:169  [TID       6360][INFO    ] >> Custom configuration method [dmvcframework]
2021-03-26 16:06:12:169  [TID       6360][INFO    ] << Custom configuration method [dmvcframework]
2021-03-26 16:06:12:169  [TID       6360][INFO    ] ENTER: LoadSystemControllers [dmvcframework]
2021-03-26 16:06:12:169  [TID       6360][INFO    ] EXIT: LoadSystemControllers [dmvcframework]
2021-03-26 16:06:12:344  [TID       6360][INFO    ] GET:/api/cliente/ca [0:0:0:0:0:0:0:1] -> UController.TMyController.GetCustomer - 200 OK [dmvcframework]
2021-03-26 16:06:17:906  [TID       6360][INFO    ] GET:/api/cliente/c [0:0:0:0:0:0:0:1] -> UController.TMyController.GetCustomer - 200 OK [dmvcframework]
2021-03-26 16:06:24:928  [TID       6360][INFO    ] GET:/api/cliente/r [0:0:0:0:0:0:0:1] -> UController.TMyController.GetCustomer - 200 OK [dmvcframework]
2021-03-26 16:06:30:053  [TID       6360][INFO    ] GET:/api/cliente/j [0:0:0:0:0:0:0:1] -> UController.TMyController.GetCustomer - 200 OK [dmvcframework]
2021-03-26 16:06:34:523  [TID       6360][INFO    ] GET:/api/cliente/j [0:0:0:0:0:0:0:1] -> UController.TMyController.GetCustomer - 200 OK [dmvcframework]
2021-03-26 16:06:38:012  [TID       6360][INFO    ] GET:/api/cliente/jo [0:0:0:0:0:0:0:1] -> UController.TMyController.GetCustomer - 200 OK [dmvcframework]
2021-03-26 16:06:45:305  [TID       6360][INFO    ] GET:/api/cliente/jor [0:0:0:0:0:0:0:1] -> UController.TMyController.GetCustomer - 200 OK [dmvcframework]
2021-03-26 18:04:31:067  [TID       1576][INFO    ] Default Logger initialized [dmvcframework]
2021-03-26 18:04:31:100  [TID       1576][INFO    ] Server started on port 8082 [dmvcframework]
2021-03-26 18:04:39:553  [TID       9856][INFO    ] ENTER: Config default values [dmvcframework]
2021-03-26 18:04:39:555  [TID       9856][INFO    ] EXIT: Config default values [dmvcframework]
2021-03-26 18:04:39:555  [TID       9856][INFO    ] >> Custom configuration method [dmvcframework]
2021-03-26 18:04:39:555  [TID       9856][INFO    ] << Custom configuration method [dmvcframework]
2021-03-26 18:04:39:555  [TID       9856][INFO    ] ENTER: LoadSystemControllers [dmvcframework]
2021-03-26 18:04:39:555  [TID       9856][INFO    ] EXIT: LoadSystemControllers [dmvcframework]
2021-03-26 18:04:39:627  [TID       9856][INFO    ] GET:/api/cliente/jor [0:0:0:0:0:0:0:1] -> UController.TMyController.GetCustomer - 200 OK [dmvcframework]
2021-03-26 18:04:45:837  [TID       9856][INFO    ] GET:/api/cliente/tes [0:0:0:0:0:0:0:1] -> UController.TMyController.GetCustomer - 200 OK [dmvcframework]
2021-03-26 18:04:56:439  [TID       9856][INFO    ] GET:/api/cliente/teste [0:0:0:0:0:0:0:1] -> UController.TMyController.GetCustomer - 200 OK [dmvcframework]
2021-03-26 18:18:06:567  [TID      11036][INFO    ] Default Logger initialized [dmvcframework]
2021-03-26 18:18:06:613  [TID      11036][INFO    ] Server started on port 8082 [dmvcframework]
2021-03-26 18:18:28:573  [TID      10980][INFO    ] ENTER: Config default values [dmvcframework]
2021-03-26 18:18:28:573  [TID      10980][INFO    ] EXIT: Config default values [dmvcframework]
2021-03-26 18:18:28:573  [TID      10980][INFO    ] >> Custom configuration method [dmvcframework]
2021-03-26 18:18:28:573  [TID      10980][INFO    ] << Custom configuration method [dmvcframework]
2021-03-26 18:18:28:573  [TID      10980][INFO    ] ENTER: LoadSystemControllers [dmvcframework]
2021-03-26 18:18:28:573  [TID      10980][INFO    ] EXIT: LoadSystemControllers [dmvcframework]
2021-03-26 18:18:28:575  [TID      10980][INFO    ] GET:/api [0:0:0:0:0:0:0:1] -> UController.TMyController.Index - 200 OK [dmvcframework]
2021-03-26 18:18:28:997  [TID      10980][INFO    ] GET:/favicon.ico [0:0:0:0:0:0:0:1] -> {NOT FOUND} - 404 Not Found [dmvcframework]
2021-03-26 18:18:30:765  [TID      10980][ERROR   ] [EMVCException] Not Found (Custom message: "GET /favicon.ico") [dmvcframework]
2021-03-26 18:18:44:858  [TID       7712][INFO    ] GET:/api/cliente/tes [0:0:0:0:0:0:0:1] -> UController.TMyController.GetCustomer - 200 OK [dmvcframework]
2021-03-26 18:19:19:332  [TID       7712][ERROR   ] [EJSONCollectionBuilderError] This operation is not permitted after pairs or elements have been added (Custom message: "Global Action Exception Handler") [dmvcframework]
2021-03-26 18:21:26:501  [TID       7528][INFO    ] Default Logger initialized [dmvcframework]
2021-03-26 18:21:26:527  [TID       7528][INFO    ] Server started on port 8082 [dmvcframework]
2021-03-26 18:21:36:084  [TID       5452][INFO    ] ENTER: Config default values [dmvcframework]
2021-03-26 18:21:36:085  [TID       5452][INFO    ] EXIT: Config default values [dmvcframework]
2021-03-26 18:21:36:085  [TID       5452][INFO    ] >> Custom configuration method [dmvcframework]
2021-03-26 18:21:36:085  [TID       5452][INFO    ] << Custom configuration method [dmvcframework]
2021-03-26 18:21:36:085  [TID       5452][INFO    ] ENTER: LoadSystemControllers [dmvcframework]
2021-03-26 18:21:36:086  [TID       5452][INFO    ] EXIT: LoadSystemControllers [dmvcframework]
2021-03-26 18:22:15:302  [TID       5452][ERROR   ] [EJSONCollectionBuilderError] This operation is not permitted after pairs or elements have been added (Custom message: "Global Action Exception Handler") [dmvcframework]
2021-03-26 18:24:07:007  [TID       3280][INFO    ] Default Logger initialized [dmvcframework]
2021-03-26 18:24:07:072  [TID       3280][INFO    ] Server started on port 8082 [dmvcframework]
2021-03-26 19:17:22:711  [TID       1724][INFO    ] Default Logger initialized [dmvcframework]
2021-03-26 19:17:22:740  [TID       1724][INFO    ] Server started on port 8082 [dmvcframework]
2021-03-26 19:17:31:778  [TID       2544][INFO    ] ENTER: Config default values [dmvcframework]
2021-03-26 19:17:31:779  [TID       2544][INFO    ] EXIT: Config default values [dmvcframework]
2021-03-26 19:17:31:779  [TID       2544][INFO    ] >> Custom configuration method [dmvcframework]
2021-03-26 19:17:31:779  [TID       2544][INFO    ] << Custom configuration method [dmvcframework]
2021-03-26 19:17:31:779  [TID       2544][INFO    ] ENTER: LoadSystemControllers [dmvcframework]
2021-03-26 19:17:31:779  [TID       2544][INFO    ] EXIT: LoadSystemControllers [dmvcframework]
2021-03-26 19:17:36:027  [TID       2544][ERROR   ] [EJSONCollectionBuilderError] This operation is not permitted after pairs or elements have been added (Custom message: "Global Action Exception Handler") [dmvcframework]
2021-03-26 19:19:51:526  [TID      11048][INFO    ] Default Logger initialized [dmvcframework]
2021-03-26 19:19:51:576  [TID      11048][INFO    ] Server started on port 8082 [dmvcframework]
2021-03-26 19:20:17:387  [TID       4088][INFO    ] ENTER: Config default values [dmvcframework]
2021-03-26 19:20:17:387  [TID       4088][INFO    ] EXIT: Config default values [dmvcframework]
2021-03-26 19:20:17:388  [TID       4088][INFO    ] >> Custom configuration method [dmvcframework]
2021-03-26 19:20:17:388  [TID       4088][INFO    ] << Custom configuration method [dmvcframework]
2021-03-26 19:20:17:388  [TID       4088][INFO    ] ENTER: LoadSystemControllers [dmvcframework]
2021-03-26 19:20:17:388  [TID       4088][INFO    ] EXIT: LoadSystemControllers [dmvcframework]
2021-03-26 19:21:05:695  [TID       4088][ERROR   ] [EJSONCollectionBuilderError] This operation is not permitted after pairs or elements have been added (Custom message: "Global Action Exception Handler") [dmvcframework]
2021-03-26 19:23:09:096  [TID       5348][INFO    ] Default Logger initialized [dmvcframework]
2021-03-26 19:23:09:144  [TID       5348][INFO    ] Server started on port 8082 [dmvcframework]
2021-03-26 19:23:17:928  [TID       4268][INFO    ] ENTER: Config default values [dmvcframework]
2021-03-26 19:23:17:928  [TID       4268][INFO    ] EXIT: Config default values [dmvcframework]
2021-03-26 19:23:17:928  [TID       4268][INFO    ] >> Custom configuration method [dmvcframework]
2021-03-26 19:23:17:930  [TID       4268][INFO    ] << Custom configuration method [dmvcframework]
2021-03-26 19:23:17:930  [TID       4268][INFO    ] ENTER: LoadSystemControllers [dmvcframework]
2021-03-26 19:23:17:930  [TID       4268][INFO    ] EXIT: LoadSystemControllers [dmvcframework]
2021-03-26 19:23:36:712  [TID       4268][ERROR   ] [EAccessViolation] Access violation at address 00433141 in module 'MVCClienteContato.exe'. Read of address 00000008 (Custom message: "Global Action Exception Handler") [dmvcframework]
2021-03-26 19:24:35:198  [TID       5660][INFO    ] Default Logger initialized [dmvcframework]
2021-03-26 19:24:35:252  [TID       5660][INFO    ] Server started on port 8082 [dmvcframework]
2021-03-26 19:24:41:875  [TID      10244][INFO    ] ENTER: Config default values [dmvcframework]
2021-03-26 19:24:41:875  [TID      10244][INFO    ] EXIT: Config default values [dmvcframework]
2021-03-26 19:24:41:875  [TID      10244][INFO    ] >> Custom configuration method [dmvcframework]
2021-03-26 19:24:41:876  [TID      10244][INFO    ] << Custom configuration method [dmvcframework]
2021-03-26 19:24:41:876  [TID      10244][INFO    ] ENTER: LoadSystemControllers [dmvcframework]
2021-03-26 19:24:41:876  [TID      10244][INFO    ] EXIT: LoadSystemControllers [dmvcframework]
2021-03-26 19:25:04:168  [TID      10244][ERROR   ] [EJSONCollectionBuilderError] This operation is not permitted after pairs or elements have been added (Custom message: "Global Action Exception Handler") [dmvcframework]
2021-03-26 19:36:34:003  [TID      11032][INFO    ] Default Logger initialized [dmvcframework]
2021-03-26 19:36:34:034  [TID      11032][INFO    ] Server started on port 8082 [dmvcframework]
2021-03-26 19:36:42:910  [TID       2460][INFO    ] ENTER: Config default values [dmvcframework]
2021-03-26 19:36:42:910  [TID       2460][INFO    ] EXIT: Config default values [dmvcframework]
2021-03-26 19:36:42:910  [TID       2460][INFO    ] >> Custom configuration method [dmvcframework]
2021-03-26 19:36:42:910  [TID       2460][INFO    ] << Custom configuration method [dmvcframework]
2021-03-26 19:36:42:910  [TID       2460][INFO    ] ENTER: LoadSystemControllers [dmvcframework]
2021-03-26 19:36:42:910  [TID       2460][INFO    ] EXIT: LoadSystemControllers [dmvcframework]
2021-03-26 19:36:47:340  [TID       2460][ERROR   ] [EAccessViolation] Access violation at address 00A2EA33 in module 'MVCClienteContato.exe'. Read of address 00000000 (Custom message: "Global Action Exception Handler") [dmvcframework]
2021-03-26 19:37:40:834  [TID      11136][INFO    ] Default Logger initialized [dmvcframework]
2021-03-26 19:37:40:858  [TID      11136][INFO    ] Server started on port 8082 [dmvcframework]
2021-03-26 19:37:50:623  [TID       9032][INFO    ] ENTER: Config default values [dmvcframework]
2021-03-26 19:37:50:623  [TID       9032][INFO    ] EXIT: Config default values [dmvcframework]
2021-03-26 19:37:50:623  [TID       9032][INFO    ] >> Custom configuration method [dmvcframework]
2021-03-26 19:37:50:628  [TID       9032][INFO    ] << Custom configuration method [dmvcframework]
2021-03-26 19:37:50:628  [TID       9032][INFO    ] ENTER: LoadSystemControllers [dmvcframework]
2021-03-26 19:37:50:629  [TID       9032][INFO    ] EXIT: LoadSystemControllers [dmvcframework]
2021-03-26 19:38:01:270  [TID       9032][ERROR   ] [EJSONCollectionBuilderError] This operation is not permitted after pairs or elements have been added (Custom message: "Global Action Exception Handler") [dmvcframework]
2021-03-26 19:55:24:508  [TID       5224][INFO    ] Default Logger initialized [dmvcframework]
2021-03-26 19:55:24:519  [TID       5224][INFO    ] Server started on port 8082 [dmvcframework]
2021-03-26 19:55:32:615  [TID       9648][INFO    ] ENTER: Config default values [dmvcframework]
2021-03-26 19:55:32:615  [TID       9648][INFO    ] EXIT: Config default values [dmvcframework]
2021-03-26 19:55:32:615  [TID       9648][INFO    ] >> Custom configuration method [dmvcframework]
2021-03-26 19:55:32:615  [TID       9648][INFO    ] << Custom configuration method [dmvcframework]
2021-03-26 19:55:32:615  [TID       9648][INFO    ] ENTER: LoadSystemControllers [dmvcframework]
2021-03-26 19:55:32:615  [TID       9648][INFO    ] EXIT: LoadSystemControllers [dmvcframework]
2021-03-26 19:55:43:867  [TID       9648][ERROR   ] [EAccessViolation] Access violation at address 00A49663 in module 'MVCClienteContato.exe'. Write of address 00000000 (Custom message: "Global Action Exception Handler") [dmvcframework]
2021-03-26 19:56:16:426  [TID       3232][INFO    ] Default Logger initialized [dmvcframework]
2021-03-26 19:56:16:456  [TID       3232][INFO    ] Server started on port 8082 [dmvcframework]
2021-03-26 19:56:22:023  [TID       1568][INFO    ] ENTER: Config default values [dmvcframework]
2021-03-26 19:56:22:024  [TID       1568][INFO    ] EXIT: Config default values [dmvcframework]
2021-03-26 19:56:22:024  [TID       1568][INFO    ] >> Custom configuration method [dmvcframework]
2021-03-26 19:56:22:024  [TID       1568][INFO    ] << Custom configuration method [dmvcframework]
2021-03-26 19:56:22:024  [TID       1568][INFO    ] ENTER: LoadSystemControllers [dmvcframework]
2021-03-26 19:56:22:024  [TID       1568][INFO    ] EXIT: LoadSystemControllers [dmvcframework]
2021-03-26 19:57:10:922  [TID       1568][ERROR   ] [EVariantTypeCastError] Could not convert variant of type (String) into type (Integer) (Custom message: "Global Action Exception Handler") [dmvcframework]
2021-03-26 20:06:50:363  [TID       9952][INFO    ] Default Logger initialized [dmvcframework]
2021-03-26 20:06:50:379  [TID       9952][INFO    ] Server started on port 8082 [dmvcframework]
2021-03-26 20:06:54:363  [TID       9656][INFO    ] ENTER: Config default values [dmvcframework]
2021-03-26 20:06:54:364  [TID       9656][INFO    ] EXIT: Config default values [dmvcframework]
2021-03-26 20:06:54:364  [TID       9656][INFO    ] >> Custom configuration method [dmvcframework]
2021-03-26 20:06:54:364  [TID       9656][INFO    ] << Custom configuration method [dmvcframework]
2021-03-26 20:06:54:364  [TID       9656][INFO    ] ENTER: LoadSystemControllers [dmvcframework]
2021-03-26 20:06:54:364  [TID       9656][INFO    ] EXIT: LoadSystemControllers [dmvcframework]
2021-03-26 20:07:29:046  [TID       9656][INFO    ] GET:/api/cliente/a [0:0:0:0:0:0:0:1] -> UController.TMyController.GetCustomer - 200 OK [dmvcframework]
2021-03-26 20:08:15:050  [TID       3936][INFO    ] Default Logger initialized [dmvcframework]
2021-03-26 20:08:15:066  [TID       3936][INFO    ] Server started on port 8082 [dmvcframework]
2021-03-26 20:08:19:484  [TID       8808][INFO    ] ENTER: Config default values [dmvcframework]
2021-03-26 20:08:19:484  [TID       8808][INFO    ] EXIT: Config default values [dmvcframework]
2021-03-26 20:08:19:485  [TID       8808][INFO    ] >> Custom configuration method [dmvcframework]
2021-03-26 20:08:19:485  [TID       8808][INFO    ] << Custom configuration method [dmvcframework]
2021-03-26 20:08:19:485  [TID       8808][INFO    ] ENTER: LoadSystemControllers [dmvcframework]
2021-03-26 20:08:19:485  [TID       8808][INFO    ] EXIT: LoadSystemControllers [dmvcframework]
2021-03-26 20:08:22:133  [TID       8808][INFO    ] GET:/api/cliente/a [0:0:0:0:0:0:0:1] -> UController.TMyController.GetCustomer - 200 OK [dmvcframework]
2021-03-26 20:20:13:233  [TID       8352][INFO    ] Default Logger initialized [dmvcframework]
2021-03-26 20:20:13:379  [TID       8352][INFO    ] Server started on port 8082 [dmvcframework]
2021-03-26 20:20:18:380  [TID      10464][INFO    ] ENTER: Config default values [dmvcframework]
2021-03-26 20:20:18:380  [TID      10464][INFO    ] EXIT: Config default values [dmvcframework]
2021-03-26 20:20:18:380  [TID      10464][INFO    ] >> Custom configuration method [dmvcframework]
2021-03-26 20:20:18:380  [TID      10464][INFO    ] << Custom configuration method [dmvcframework]
2021-03-26 20:20:18:381  [TID      10464][INFO    ] ENTER: LoadSystemControllers [dmvcframework]
2021-03-26 20:20:18:381  [TID      10464][INFO    ] EXIT: LoadSystemControllers [dmvcframework]
2021-03-26 20:20:23:749  [TID      10464][INFO    ] GET:/api/cliente/a [0:0:0:0:0:0:0:1] -> UController.TMyController.GetCustomer - 200 OK [dmvcframework]
2021-03-26 20:22:48:922  [TID       9784][INFO    ] Default Logger initialized [dmvcframework]
2021-03-26 20:22:48:942  [TID       9784][INFO    ] Server started on port 8082 [dmvcframework]
2021-03-26 20:22:53:180  [TID       6480][INFO    ] ENTER: Config default values [dmvcframework]
2021-03-26 20:22:53:182  [TID       6480][INFO    ] EXIT: Config default values [dmvcframework]
2021-03-26 20:22:53:182  [TID       6480][INFO    ] >> Custom configuration method [dmvcframework]
2021-03-26 20:22:53:182  [TID       6480][INFO    ] << Custom configuration method [dmvcframework]
2021-03-26 20:22:53:183  [TID       6480][INFO    ] ENTER: LoadSystemControllers [dmvcframework]
2021-03-26 20:22:53:183  [TID       6480][INFO    ] EXIT: LoadSystemControllers [dmvcframework]
2021-03-26 20:22:55:336  [TID       6480][INFO    ] GET:/api/cliente/a [0:0:0:0:0:0:0:1] -> UController.TMyController.GetCustomer - 200 OK [dmvcframework]
2021-03-26 20:24:11:904  [TID       7568][INFO    ] Default Logger initialized [dmvcframework]
2021-03-26 20:24:11:932  [TID       7568][INFO    ] Server started on port 8082 [dmvcframework]
2021-03-26 20:24:36:520  [TID      10720][INFO    ] ENTER: Config default values [dmvcframework]
2021-03-26 20:24:36:520  [TID      10720][INFO    ] EXIT: Config default values [dmvcframework]
2021-03-26 20:24:36:520  [TID      10720][INFO    ] >> Custom configuration method [dmvcframework]
2021-03-26 20:24:36:520  [TID      10720][INFO    ] << Custom configuration method [dmvcframework]
2021-03-26 20:24:36:520  [TID      10720][INFO    ] ENTER: LoadSystemControllers [dmvcframework]
2021-03-26 20:24:36:520  [TID      10720][INFO    ] EXIT: LoadSystemControllers [dmvcframework]
2021-03-26 20:24:46:098  [TID      10720][ERROR   ] [EAccessViolation] Access violation at address 00619569 in module 'MVCClienteContato.exe'. Read of address 00000008 (Custom message: "Global Action Exception Handler") [dmvcframework]
2021-03-26 20:25:13:750  [TID       3808][INFO    ] Default Logger initialized [dmvcframework]
2021-03-26 20:25:13:785  [TID       3808][INFO    ] Server started on port 8082 [dmvcframework]
2021-03-26 20:25:20:297  [TID      10372][INFO    ] ENTER: Config default values [dmvcframework]
2021-03-26 20:25:20:298  [TID      10372][INFO    ] EXIT: Config default values [dmvcframework]
2021-03-26 20:25:20:298  [TID      10372][INFO    ] >> Custom configuration method [dmvcframework]
2021-03-26 20:25:20:298  [TID      10372][INFO    ] << Custom configuration method [dmvcframework]
2021-03-26 20:25:20:298  [TID      10372][INFO    ] ENTER: LoadSystemControllers [dmvcframework]
2021-03-26 20:25:20:298  [TID      10372][INFO    ] EXIT: LoadSystemControllers [dmvcframework]
2021-03-26 20:25:22:980  [TID      10372][ERROR   ] [EAccessViolation] Access violation at address 00619569 in module 'MVCClienteContato.exe'. Read of address 00000008 (Custom message: "Global Action Exception Handler") [dmvcframework]
2021-03-26 20:25:37:358  [TID       2272][INFO    ] Default Logger initialized [dmvcframework]
2021-03-26 20:25:37:386  [TID       2272][INFO    ] Server started on port 8082 [dmvcframework]
2021-03-26 20:25:43:044  [TID        768][INFO    ] ENTER: Config default values [dmvcframework]
2021-03-26 20:25:43:044  [TID        768][INFO    ] EXIT: Config default values [dmvcframework]
2021-03-26 20:25:43:044  [TID        768][INFO    ] >> Custom configuration method [dmvcframework]
2021-03-26 20:25:43:044  [TID        768][INFO    ] << Custom configuration method [dmvcframework]
2021-03-26 20:25:43:045  [TID        768][INFO    ] ENTER: LoadSystemControllers [dmvcframework]
2021-03-26 20:25:43:045  [TID        768][INFO    ] EXIT: LoadSystemControllers [dmvcframework]
2021-03-26 20:25:43:391  [TID        768][INFO    ] GET:/api/cliente/a [0:0:0:0:0:0:0:1] -> UController.TMyController.GetCustomer - 200 OK [dmvcframework]
